<?xml version="1.0" encoding="UTF-8"?>
<!-- Generated by org.testng.reporters.JUnitXMLReporter -->
<testsuite ignored="0" hostname="Pratiksha" failures="0" tests="18" name="Test" time="0.282" errors="0" timestamp="2023-07-22T15:35:38 IST">
  <testcase classname="testNGAnnotation_Flags.Flag6" name="ftc1" time="0.018"/>
  <testcase classname="testNGAnnotation_Flags.Flag6" name="ftc2" time="0.008"/>
  <testcase classname="testNGAnnotation_Flags.Flag6" name="ftc3" time="0.006"/>
  <testcase classname="testNGAnnotation_Flags.Flag6" name="ftc4" time="0.007"/>
  <testcase classname="testNGAnnotation_Flags.Flag6" name="ftc5" time="0.009"/>
  <testcase classname="testNGAnnotation_Flags.Flag6" name="ftc6" time="0.003"/>
  <testcase classname="testNGAnnotation_Flags.Flag6" name="itc1" time="0.004"/>
  <testcase classname="testNGAnnotation_Flags.Flag6" name="itc2" time="0.001"/>
  <testcase classname="testNGAnnotation_Flags.Flag6" name="itc3" time="0.002"/>
  <testcase classname="testNGAnnotation_Flags.Flag6" name="itc4" time="0.003"/>
  <testcase classname="testNGAnnotation_Flags.Flag6" name="itc5" time="0.002"/>
  <testcase classname="testNGAnnotation_Flags.Flag6" name="itc6" time="0.002"/>
  <testcase classname="testNGAnnotation_Flags.Flag6" name="stc1" time="0.002"/>
  <testcase classname="testNGAnnotation_Flags.Flag6" name="stc2" time="0.009"/>
  <testcase classname="testNGAnnotation_Flags.Flag6" name="stc3" time="0.003"/>
  <testcase classname="testNGAnnotation_Flags.Flag6" name="stc4" time="0.005"/>
  <testcase classname="testNGAnnotation_Flags.Flag6" name="stc5" time="0.003"/>
  <testcase classname="testNGAnnotation_Flags.Flag6" name="stc6" time="0.001"/>
</testsuite> <!-- Test -->
